#
# There is insufficient memory for the Java Runtime Environment to continue.
# Native memory allocation (malloc) failed to allocate 467536 bytes for Chunk::new
# Possible reasons:
#   The system is out of physical RAM or swap space
#   The process is running with CompressedOops enabled, and the Java Heap may be blocking the growth of the native heap
# Possible solutions:
#   Reduce memory load on the system
#   Increase physical memory or swap space
#   Check if swap backing store is full
#   Decrease Java heap size (-Xmx/-Xms)
#   Decrease number of Java threads
#   Decrease Java thread stack sizes (-Xss)
#   Set larger code cache with -XX:ReservedCodeCacheSize=
#   JVM is running with Unscaled Compressed Oops mode in which the Java heap is
#     placed in the first 4GB address space. The Java Heap base address is the
#     maximum limit for the native heap growth. Please use -XX:HeapBaseMinAddress
#     to set the Java Heap base and to place the Java Heap above 4GB virtual address.
# This output file may be truncated or incomplete.
#
#  Out of Memory Error (allocation.cpp:389), pid=12860, tid=0x0000000000003fb0
#
# JRE version: Java(TM) SE Runtime Environment (8.0_281-b09) (build 1.8.0_281-b09)
# Java VM: Java HotSpot(TM) 64-Bit Server VM (25.281-b09 mixed mode windows-amd64 compressed oops)
# Failed to write core dump. Minidumps are not enabled by default on client versions of Windows
#

---------------  T H R E A D  ---------------

Current thread (0x000002eb8f429800):  JavaThread "C2 CompilerThread0" daemon [_thread_in_native, id=16304, stack(0x000000eeac500000,0x000000eeac600000)]

Stack: [0x000000eeac500000,0x000000eeac600000]
Native frames: (J=compiled Java code, j=interpreted, Vv=VM code, C=native code)
V  [jvm.dll+0x32e5b9]


Current CompileTask:
C2: 156021 10893   !   4       org.apache.catalina.connector.CoyoteAdapter::service (892 bytes)


---------------  P R O C E S S  ---------------

Java Threads: ( => current thread )
  0x000002eb93ecb000 JavaThread "http-nio-8080-exec-10" daemon [_thread_blocked, id=832, stack(0x000000eeadc00000,0x000000eeadd00000)]
  0x000002eb93ec9800 JavaThread "http-nio-8080-exec-9" daemon [_thread_blocked, id=11120, stack(0x000000eeadb00000,0x000000eeadc00000)]
  0x000002eb93ecc000 JavaThread "http-nio-8080-exec-8" daemon [_thread_blocked, id=15268, stack(0x000000eeada00000,0x000000eeadb00000)]
  0x000002eb93eca800 JavaThread "http-nio-8080-exec-7" daemon [_thread_blocked, id=13560, stack(0x000000eead900000,0x000000eeada00000)]
  0x000002eb93ec8800 JavaThread "http-nio-8080-exec-6" daemon [_thread_blocked, id=10040, stack(0x000000eead800000,0x000000eead900000)]
  0x000002eb93ec8000 JavaThread "http-nio-8080-exec-5" daemon [_thread_blocked, id=12668, stack(0x000000eead700000,0x000000eead800000)]
  0x000002eb93ec5000 JavaThread "http-nio-8080-exec-4" daemon [_thread_blocked, id=8788, stack(0x000000eead600000,0x000000eead700000)]
  0x000002eb93ec7000 JavaThread "http-nio-8080-exec-3" daemon [_thread_blocked, id=5260, stack(0x000000eead500000,0x000000eead600000)]
  0x000002eb93ec6800 JavaThread "http-nio-8080-exec-2" daemon [_thread_blocked, id=8624, stack(0x000000eead400000,0x000000eead500000)]
  0x000002eb91aff000 JavaThread "DestroyJavaVM" [_thread_blocked, id=5604, stack(0x000000eeabb00000,0x000000eeabc00000)]
  0x000002eb91afe800 JavaThread "http-nio-8080-exec-1" daemon [_thread_blocked, id=1112, stack(0x000000eead300000,0x000000eead400000)]
  0x000002eb91afd800 JavaThread "http-nio-8080-Acceptor" daemon [_thread_in_native, id=3284, stack(0x000000eead200000,0x000000eead300000)]
  0x000002eb91afb000 JavaThread "http-nio-8080-Poller" daemon [_thread_in_native, id=13096, stack(0x000000eead100000,0x000000eead200000)]
  0x000002eb91b02000 JavaThread "HikariPool-1 housekeeper" daemon [_thread_blocked, id=4396, stack(0x000000eead000000,0x000000eead100000)]
  0x000002eb91afc800 JavaThread "mysql-cj-abandoned-connection-cleanup" daemon [_thread_blocked, id=14804, stack(0x000000eeace00000,0x000000eeacf00000)]
  0x000002eb91b00800 JavaThread "container-0" [_thread_blocked, id=15532, stack(0x000000eeacd00000,0x000000eeace00000)]
  0x000002eb91afc000 JavaThread "Catalina-utility-2" [_thread_blocked, id=12632, stack(0x000000eeacc00000,0x000000eeacd00000)]
  0x000002eb91b00000 JavaThread "Catalina-utility-1" [_thread_blocked, id=12428, stack(0x000000eeacb00000,0x000000eeacc00000)]
  0x000002eb8f487800 JavaThread "Service Thread" daemon [_thread_blocked, id=15280, stack(0x000000eeac800000,0x000000eeac900000)]
  0x000002eb8f485000 JavaThread "C1 CompilerThread2" daemon [_thread_blocked, id=14624, stack(0x000000eeac700000,0x000000eeac800000)]
  0x000002eb8f483000 JavaThread "C2 CompilerThread1" daemon [_thread_in_native, id=9664, stack(0x000000eeac600000,0x000000eeac700000)]
=>0x000002eb8f429800 JavaThread "C2 CompilerThread0" daemon [_thread_in_native, id=16304, stack(0x000000eeac500000,0x000000eeac600000)]
  0x000002eb8f425800 JavaThread "Attach Listener" daemon [_thread_blocked, id=352, stack(0x000000eeac400000,0x000000eeac500000)]
  0x000002eb8f425000 JavaThread "Signal Dispatcher" daemon [_thread_blocked, id=9044, stack(0x000000eeac300000,0x000000eeac400000)]
  0x000002eb8f400800 JavaThread "Finalizer" daemon [_thread_blocked, id=1776, stack(0x000000eeac200000,0x000000eeac300000)]
  0x000002ebffcae000 JavaThread "Reference Handler" daemon [_thread_blocked, id=2300, stack(0x000000eeac100000,0x000000eeac200000)]

Other Threads:
  0x000002ebffcaa000 VMThread [stack: 0x000000eeac000000,0x000000eeac100000] [id=12472]
  0x000002eb8f4c5800 WatcherThread [stack: 0x000000eeac900000,0x000000eeaca00000] [id=960]

VM state:not at safepoint (normal execution)

VM Mutex/Monitor currently owned by a thread: None

heap address: 0x0000000081400000, size: 2028 MB, Compressed Oops mode: 32-bit
Narrow klass base: 0x0000000000000000, Narrow klass shift: 3
Compressed class space size: 1073741824 Address: 0x0000000100000000

Heap:
 PSYoungGen      total 444416K, used 203099K [0x00000000d5c00000, 0x00000000f2d00000, 0x0000000100000000)
  eden space 438272K, 46% used [0x00000000d5c00000,0x00000000e2216f98,0x00000000f0800000)
  from space 6144K, 4% used [0x00000000f2700000,0x00000000f2740000,0x00000000f2d00000)
  to   space 18944K, 0% used [0x00000000f0800000,0x00000000f0800000,0x00000000f1a80000)
 ParOldGen       total 91648K, used 25501K [0x0000000081400000, 0x0000000086d80000, 0x00000000d5c00000)
  object space 91648K, 27% used [0x0000000081400000,0x0000000082ce76e8,0x0000000086d80000)
 Metaspace       used 64905K, capacity 68988K, committed 69248K, reserved 1110016K
  class space    used 8351K, capacity 8993K, committed 9088K, reserved 1048576K

Card table byte_map: [0x000002ebfa970000,0x000002ebfad70000] byte_map_base: 0x000002ebfa566000

Marking Bits: (ParMarkBitMap*) 0x000000005ae36ff0
 Begin Bits: [0x000002ebfb020000, 0x000002ebfcfd0000)
 End Bits:   [0x000002ebfcfd0000, 0x000002ebfef80000)

Polling page: 0x000002ebf8c10000

CodeCache: size=245760Kb used=29981Kb max_used=30434Kb free=215778Kb
 bounds [0x000002eb80000000, 0x000002eb81e80000, 0x000002eb8f000000]
 total_blobs=9226 nmethods=8660 adapters=476
 compilation: enabled

Compilation events (10 events):
Event: 155.804 Thread 0x000002eb8f483000 nmethod 10890 0x000002eb81cd5790 code [0x000002eb81cd58e0, 0x000002eb81cd59f8]
Event: 155.805 Thread 0x000002eb8f483000 10891       4       org.hibernate.resource.transaction.backend.jdbc.internal.JdbcResourceLocalTransactionCoordinatorImpl::afterBeginCallback (87 bytes)
Event: 155.812 Thread 0x000002eb8f429800 nmethod 10889 0x000002eb80aa0d50 code [0x000002eb80aa0ec0, 0x000002eb80aa12e8]
Event: 155.813 Thread 0x000002eb8f429800 10892       4       com.fasterxml.jackson.core.json.UTF8JsonGenerator::close (122 bytes)
Event: 155.853 Thread 0x000002eb8f429800 nmethod 10892 0x000002eb818fca50 code [0x000002eb818fcc20, 0x000002eb818fd688]
Event: 155.865 Thread 0x000002eb8f483000 nmethod 10891 0x000002eb817c5d50 code [0x000002eb817c6060, 0x000002eb817c7120]
Event: 155.871 Thread 0x000002eb8f429800 10893   !   4       org.apache.catalina.connector.CoyoteAdapter::service (892 bytes)
Event: 155.871 Thread 0x000002eb8f483000 10894       4       org.apache.catalina.core.ApplicationContextFacade::getSessionCookieConfig (25 bytes)
Event: 155.873 Thread 0x000002eb8f483000 nmethod 10894 0x000002eb817c5b10 code [0x000002eb817c5c40, 0x000002eb817c5cb8]
Event: 155.873 Thread 0x000002eb8f483000 10895       4       org.springframework.web.servlet.handler.AbstractHandlerMethodMapping::lookupHandlerMethod (385 bytes)

GC Heap History (10 events):
Event: 15.607 GC heap before
{Heap before GC invocations=11 (full 2):
 PSYoungGen      total 245248K, used 234496K [0x00000000d5c00000, 0x00000000e5b80000, 0x0000000100000000)
  eden space 234496K, 100% used [0x00000000d5c00000,0x00000000e4100000,0x00000000e4100000)
  from space 10752K, 0% used [0x00000000e5100000,0x00000000e5100000,0x00000000e5b80000)
  to   space 12800K, 0% used [0x00000000e4280000,0x00000000e4280000,0x00000000e4f00000)
 ParOldGen       total 70656K, used 16011K [0x0000000081400000, 0x0000000085900000, 0x00000000d5c00000)
  object space 70656K, 22% used [0x0000000081400000,0x00000000823a2d70,0x0000000085900000)
 Metaspace       used 55681K, capacity 59124K, committed 59392K, reserved 1099776K
  class space    used 7529K, capacity 8099K, committed 8192K, reserved 1048576K
Event: 15.662 GC heap after
Heap after GC invocations=11 (full 2):
 PSYoungGen      total 248832K, used 12782K [0x00000000d5c00000, 0x00000000ec580000, 0x0000000100000000)
  eden space 236032K, 0% used [0x00000000d5c00000,0x00000000d5c00000,0x00000000e4280000)
  from space 12800K, 99% used [0x00000000e4280000,0x00000000e4efbb00,0x00000000e4f00000)
  to   space 19456K, 0% used [0x00000000eb280000,0x00000000eb280000,0x00000000ec580000)
 ParOldGen       total 70656K, used 28337K [0x0000000081400000, 0x0000000085900000, 0x00000000d5c00000)
  object space 70656K, 40% used [0x0000000081400000,0x0000000082fac460,0x0000000085900000)
 Metaspace       used 55681K, capacity 59124K, committed 59392K, reserved 1099776K
  class space    used 7529K, capacity 8099K, committed 8192K, reserved 1048576K
}
Event: 15.891 GC heap before
{Heap before GC invocations=12 (full 2):
 PSYoungGen      total 248832K, used 21650K [0x00000000d5c00000, 0x00000000ec580000, 0x0000000100000000)
  eden space 236032K, 3% used [0x00000000d5c00000,0x00000000d64a8d50,0x00000000e4280000)
  from space 12800K, 99% used [0x00000000e4280000,0x00000000e4efbb00,0x00000000e4f00000)
  to   space 19456K, 0% used [0x00000000eb280000,0x00000000eb280000,0x00000000ec580000)
 ParOldGen       total 70656K, used 28337K [0x0000000081400000, 0x0000000085900000, 0x00000000d5c00000)
  object space 70656K, 40% used [0x0000000081400000,0x0000000082fac460,0x0000000085900000)
 Metaspace       used 56475K, capacity 60026K, committed 60080K, reserved 1101824K
  class space    used 7622K, capacity 8188K, committed 8192K, reserved 1048576K
Event: 15.912 GC heap after
Heap after GC invocations=12 (full 2):
 PSYoungGen      total 351744K, used 10073K [0x00000000d5c00000, 0x00000000ecb80000, 0x0000000100000000)
  eden space 332288K, 0% used [0x00000000d5c00000,0x00000000d5c00000,0x00000000ea080000)
  from space 19456K, 51% used [0x00000000eb280000,0x00000000ebc56760,0x00000000ec580000)
  to   space 18432K, 0% used [0x00000000ea080000,0x00000000ea080000,0x00000000eb280000)
 ParOldGen       total 70656K, used 28345K [0x0000000081400000, 0x0000000085900000, 0x00000000d5c00000)
  object space 70656K, 40% used [0x0000000081400000,0x0000000082fae460,0x0000000085900000)
 Metaspace       used 56475K, capacity 60026K, committed 60080K, reserved 1101824K
  class space    used 7622K, capacity 8188K, committed 8192K, reserved 1048576K
}
Event: 15.912 GC heap before
{Heap before GC invocations=13 (full 3):
 PSYoungGen      total 351744K, used 10073K [0x00000000d5c00000, 0x00000000ecb80000, 0x0000000100000000)
  eden space 332288K, 0% used [0x00000000d5c00000,0x00000000d5c00000,0x00000000ea080000)
  from space 19456K, 51% used [0x00000000eb280000,0x00000000ebc56760,0x00000000ec580000)
  to   space 18432K, 0% used [0x00000000ea080000,0x00000000ea080000,0x00000000eb280000)
 ParOldGen       total 70656K, used 28345K [0x0000000081400000, 0x0000000085900000, 0x00000000d5c00000)
  object space 70656K, 40% used [0x0000000081400000,0x0000000082fae460,0x0000000085900000)
 Metaspace       used 56475K, capacity 60026K, committed 60080K, reserved 1101824K
  class space    used 7622K, capacity 8188K, committed 8192K, reserved 1048576K
Event: 16.198 GC heap after
Heap after GC invocations=13 (full 3):
 PSYoungGen      total 351744K, used 0K [0x00000000d5c00000, 0x00000000ecb80000, 0x0000000100000000)
  eden space 332288K, 0% used [0x00000000d5c00000,0x00000000d5c00000,0x00000000ea080000)
  from space 19456K, 0% used [0x00000000eb280000,0x00000000eb280000,0x00000000ec580000)
  to   space 18432K, 0% used [0x00000000ea080000,0x00000000ea080000,0x00000000eb280000)
 ParOldGen       total 91648K, used 22476K [0x0000000081400000, 0x0000000086d80000, 0x00000000d5c00000)
  object space 91648K, 24% used [0x0000000081400000,0x00000000829f3100,0x0000000086d80000)
 Metaspace       used 56475K, capacity 60026K, committed 60080K, reserved 1101824K
  class space    used 7622K, capacity 8188K, committed 8192K, reserved 1048576K
}
Event: 25.694 GC heap before
{Heap before GC invocations=14 (full 3):
 PSYoungGen      total 351744K, used 332288K [0x00000000d5c00000, 0x00000000ecb80000, 0x0000000100000000)
  eden space 332288K, 100% used [0x00000000d5c00000,0x00000000ea080000,0x00000000ea080000)
  from space 19456K, 0% used [0x00000000eb280000,0x00000000eb280000,0x00000000ec580000)
  to   space 18432K, 0% used [0x00000000ea080000,0x00000000ea080000,0x00000000eb280000)
 ParOldGen       total 91648K, used 22476K [0x0000000081400000, 0x0000000086d80000, 0x00000000d5c00000)
  object space 91648K, 24% used [0x0000000081400000,0x00000000829f3100,0x0000000086d80000)
 Metaspace       used 63808K, capacity 67940K, committed 68224K, reserved 1107968K
  class space    used 8346K, capacity 8993K, committed 9088K, reserved 1048576K
Event: 25.716 GC heap after
Heap after GC invocations=14 (full 3):
 PSYoungGen      total 350720K, used 6841K [0x00000000d5c00000, 0x00000000f3880000, 0x0000000100000000)
  eden space 332288K, 0% used [0x00000000d5c00000,0x00000000d5c00000,0x00000000ea080000)
  from space 18432K, 37% used [0x00000000ea080000,0x00000000ea72e680,0x00000000eb280000)
  to   space 17920K, 0% used [0x00000000f2700000,0x00000000f2700000,0x00000000f3880000)
 ParOldGen       total 91648K, used 22484K [0x0000000081400000, 0x0000000086d80000, 0x00000000d5c00000)
  object space 91648K, 24% used [0x0000000081400000,0x00000000829f5100,0x0000000086d80000)
 Metaspace       used 63808K, capacity 67940K, committed 68224K, reserved 1107968K
  class space    used 8346K, capacity 8993K, committed 9088K, reserved 1048576K
}
Event: 88.006 GC heap before
{Heap before GC invocations=15 (full 3):
 PSYoungGen      total 350720K, used 339129K [0x00000000d5c00000, 0x00000000f3880000, 0x0000000100000000)
  eden space 332288K, 100% used [0x00000000d5c00000,0x00000000ea080000,0x00000000ea080000)
  from space 18432K, 37% used [0x00000000ea080000,0x00000000ea72e680,0x00000000eb280000)
  to   space 17920K, 0% used [0x00000000f2700000,0x00000000f2700000,0x00000000f3880000)
 ParOldGen       total 91648K, used 22484K [0x0000000081400000, 0x0000000086d80000, 0x00000000d5c00000)
  object space 91648K, 24% used [0x0000000081400000,0x00000000829f5100,0x0000000086d80000)
 Metaspace       used 64882K, capacity 68988K, committed 69248K, reserved 1110016K
  class space    used 8350K, capacity 8993K, committed 9088K, reserved 1048576K
Event: 88.019 GC heap after
Heap after GC invocations=15 (full 3):
 PSYoungGen      total 444416K, used 256K [0x00000000d5c00000, 0x00000000f2d00000, 0x0000000100000000)
  eden space 438272K, 0% used [0x00000000d5c00000,0x00000000d5c00000,0x00000000f0800000)
  from space 6144K, 4% used [0x00000000f2700000,0x00000000f2740000,0x00000000f2d00000)
  to   space 18944K, 0% used [0x00000000f0800000,0x00000000f0800000,0x00000000f1a80000)
 ParOldGen       total 91648K, used 25501K [0x0000000081400000, 0x0000000086d80000, 0x00000000d5c00000)
  object space 91648K, 27% used [0x0000000081400000,0x0000000082ce76e8,0x0000000086d80000)
 Metaspace       used 64882K, capacity 68988K, committed 69248K, reserved 1110016K
  class space    used 8350K, capacity 8993K, committed 9088K, reserved 1048576K
}

Deoptimization events (10 events):
Event: 28.852 Thread 0x000002eb93ec8000 Uncommon trap: reason=bimorphic action=maybe_recompile pc=0x000002eb81651e68 method=java.lang.ThreadLocal.set(Ljava/lang/Object;)V @ 6
Event: 30.192 Thread 0x000002eb93ec5000 Uncommon trap: reason=unstable_if action=reinterpret pc=0x000002eb81938924 method=org.apache.coyote.http11.Http11InputBuffer.parseRequestLine(ZII)Z @ 72
Event: 30.381 Thread 0x000002eb93ec6800 Uncommon trap: reason=unstable_if action=reinterpret pc=0x000002eb81ad6ac0 method=java.util.concurrent.locks.ReentrantReadWriteLock$Sync.tryReleaseShared(I)Z @ 130
Event: 30.381 Thread 0x000002eb91afe800 Uncommon trap: reason=bimorphic action=maybe_recompile pc=0x000002eb81651e68 method=java.lang.ThreadLocal.set(Ljava/lang/Object;)V @ 6
Event: 30.381 Thread 0x000002eb91afe800 Uncommon trap: reason=bimorphic action=maybe_recompile pc=0x000002eb81651e68 method=java.lang.ThreadLocal.set(Ljava/lang/Object;)V @ 6
Event: 72.032 Thread 0x000002eb93ec9800 Uncommon trap: reason=array_check action=maybe_recompile pc=0x000002eb8126d74c method=com.zaxxer.hikari.util.FastList.add(Ljava/lang/Object;)Z @ 28
Event: 72.034 Thread 0x000002eb93ec9800 Uncommon trap: reason=array_check action=maybe_recompile pc=0x000002eb8126d74c method=com.zaxxer.hikari.util.FastList.add(Ljava/lang/Object;)Z @ 28
Event: 72.043 Thread 0x000002eb93eca800 Uncommon trap: reason=array_check action=maybe_recompile pc=0x000002eb8126d74c method=com.zaxxer.hikari.util.FastList.add(Ljava/lang/Object;)Z @ 28
Event: 72.045 Thread 0x000002eb93eca800 Uncommon trap: reason=array_check action=maybe_recompile pc=0x000002eb8126d74c method=com.zaxxer.hikari.util.FastList.add(Ljava/lang/Object;)Z @ 28
Event: 74.121 Thread 0x000002eb91afb000 Uncommon trap: reason=unstable_if action=reinterpret pc=0x000002eb80d124cc method=org.apache.tomcat.util.net.NioEndpoint$Poller.timeout(IZ)V @ 18

Classes redefined (0 events):
No events

Internal exceptions (10 events):
Event: 17.323 Thread 0x000002eb946d6000 Exception <a 'sun/nio/fs/WindowsException'> (0x00000000df460688) thrown at [C:\jenkins\workspace\8-2-build-windows-amd64-cygwin\jdk8u281\880\hotspot\src\share\vm\prims\jni.cpp, line 710]
Event: 17.323 Thread 0x000002eb946d6000 Exception <a 'sun/nio/fs/WindowsException'> (0x00000000df460d28) thrown at [C:\jenkins\workspace\8-2-build-windows-amd64-cygwin\jdk8u281\880\hotspot\src\share\vm\prims\jni.cpp, line 710]
Event: 17.323 Thread 0x000002eb946d6000 Exception <a 'sun/nio/fs/WindowsException'> (0x00000000df461890) thrown at [C:\jenkins\workspace\8-2-build-windows-amd64-cygwin\jdk8u281\880\hotspot\src\share\vm\prims\jni.cpp, line 710]
Event: 17.323 Thread 0x000002eb946d6000 Exception <a 'sun/nio/fs/WindowsException'> (0x00000000df461f50) thrown at [C:\jenkins\workspace\8-2-build-windows-amd64-cygwin\jdk8u281\880\hotspot\src\share\vm\prims\jni.cpp, line 710]
Event: 17.324 Thread 0x000002eb946d6000 Exception <a 'sun/nio/fs/WindowsException'> (0x00000000df462af0) thrown at [C:\jenkins\workspace\8-2-build-windows-amd64-cygwin\jdk8u281\880\hotspot\src\share\vm\prims\jni.cpp, line 710]
Event: 17.324 Thread 0x000002eb946d6000 Exception <a 'sun/nio/fs/WindowsException'> (0x00000000df4631e0) thrown at [C:\jenkins\workspace\8-2-build-windows-amd64-cygwin\jdk8u281\880\hotspot\src\share\vm\prims\jni.cpp, line 710]
Event: 17.324 Thread 0x000002eb946d6000 Exception <a 'sun/nio/fs/WindowsException'> (0x00000000df463da0) thrown at [C:\jenkins\workspace\8-2-build-windows-amd64-cygwin\jdk8u281\880\hotspot\src\share\vm\prims\jni.cpp, line 710]
Event: 17.324 Thread 0x000002eb946d6000 Exception <a 'sun/nio/fs/WindowsException'> (0x00000000df4644b8) thrown at [C:\jenkins\workspace\8-2-build-windows-amd64-cygwin\jdk8u281\880\hotspot\src\share\vm\prims\jni.cpp, line 710]
Event: 17.324 Thread 0x000002eb946d6000 Exception <a 'sun/nio/fs/WindowsException'> (0x00000000df465060) thrown at [C:\jenkins\workspace\8-2-build-windows-amd64-cygwin\jdk8u281\880\hotspot\src\share\vm\prims\jni.cpp, line 710]
Event: 17.324 Thread 0x000002eb946d6000 Exception <a 'sun/nio/fs/WindowsException'> (0x00000000df465770) thrown at [C:\jenkins\workspace\8-2-build-windows-amd64-cygwin\jdk8u281\880\hotspot\src\share\vm\prims\jni.cpp, line 710]

Events (10 events):
Event: 146.858 Executing VM operation: RevokeBias
Event: 146.858 Executing VM operation: RevokeBias done
Event: 151.137 Executing VM operation: RevokeBias
Event: 151.137 Executing VM operation: RevokeBias done
Event: 152.368 loading class org/apache/tomcat/util/net/SSLSupport
Event: 152.368 loading class org/apache/tomcat/util/net/SSLSupport done
Event: 152.862 Executing VM operation: RevokeBias
Event: 152.862 Executing VM operation: RevokeBias done
Event: 154.012 loading class org/springframework/orm/jpa/ExtendedEntityManagerCreator$1
Event: 154.012 loading class org/springframework/orm/jpa/ExtendedEntityManagerCreator$1 done


Dynamic libraries:
0x00007ff77cca0000 - 0x00007ff77cce7000 	C:\Program Files\Java\jdk1.8.0_281\bin\javaw.exe
0x00007ffea9d70000 - 0x00007ffea9f65000 	C:\WINDOWS\SYSTEM32\ntdll.dll
0x00007ffea93f0000 - 0x00007ffea94ae000 	C:\WINDOWS\System32\KERNEL32.DLL
0x00007ffea7a90000 - 0x00007ffea7d58000 	C:\WINDOWS\System32\KERNELBASE.dll
0x00007ffea9c60000 - 0x00007ffea9d0e000 	C:\WINDOWS\System32\ADVAPI32.dll
0x00007ffea8cd0000 - 0x00007ffea8d6e000 	C:\WINDOWS\System32\msvcrt.dll
0x00007ffea94b0000 - 0x00007ffea954c000 	C:\WINDOWS\System32\sechost.dll
0x00007ffea8170000 - 0x00007ffea8295000 	C:\WINDOWS\System32\RPCRT4.dll
0x00007ffea9130000 - 0x00007ffea92d1000 	C:\WINDOWS\System32\USER32.dll
0x00007ffea7670000 - 0x00007ffea7692000 	C:\WINDOWS\System32\win32u.dll
0x00007ffea95c0000 - 0x00007ffea95eb000 	C:\WINDOWS\System32\GDI32.dll
0x00007ffea74b0000 - 0x00007ffea75bd000 	C:\WINDOWS\System32\gdi32full.dll
0x00007ffea7730000 - 0x00007ffea77cd000 	C:\WINDOWS\System32\msvcp_win.dll
0x00007ffea7990000 - 0x00007ffea7a90000 	C:\WINDOWS\System32\ucrtbase.dll
0x00007ffe94360000 - 0x00007ffe945fa000 	C:\WINDOWS\WinSxS\amd64_microsoft.windows.common-controls_6595b64144ccf1df_6.0.19041.1110_none_60b5254171f9507e\COMCTL32.dll
0x00007ffea8b30000 - 0x00007ffea8b60000 	C:\WINDOWS\System32\IMM32.DLL
0x00007ffe961b0000 - 0x00007ffe961c5000 	C:\Program Files\Java\jdk1.8.0_281\jre\bin\vcruntime140.dll
0x00007ffe72710000 - 0x00007ffe727ab000 	C:\Program Files\Java\jdk1.8.0_281\jre\bin\msvcp140.dll
0x000000005a650000 - 0x000000005aeaf000 	C:\Program Files\Java\jdk1.8.0_281\jre\bin\server\jvm.dll
0x00007ffea9b30000 - 0x00007ffea9b38000 	C:\WINDOWS\System32\PSAPI.DLL
0x00007ffe8ea90000 - 0x00007ffe8ea99000 	C:\WINDOWS\SYSTEM32\WSOCK32.dll
0x00007ffea9550000 - 0x00007ffea95bb000 	C:\WINDOWS\System32\WS2_32.dll
0x00007ffe906c0000 - 0x00007ffe906e7000 	C:\WINDOWS\SYSTEM32\WINMM.dll
0x00007ffe98f20000 - 0x00007ffe98f2a000 	C:\WINDOWS\SYSTEM32\VERSION.dll
0x00007ffea5d30000 - 0x00007ffea5d42000 	C:\WINDOWS\SYSTEM32\kernel.appcore.dll
0x00007ffea0720000 - 0x00007ffea0730000 	C:\Program Files\Java\jdk1.8.0_281\jre\bin\verify.dll
0x00007ffe94d10000 - 0x00007ffe94d3b000 	C:\Program Files\Java\jdk1.8.0_281\jre\bin\java.dll
0x00007ffe94cf0000 - 0x00007ffe94d08000 	C:\Program Files\Java\jdk1.8.0_281\jre\bin\zip.dll
0x00007ffea8350000 - 0x00007ffea8a94000 	C:\WINDOWS\System32\SHELL32.dll
0x00007ffea5160000 - 0x00007ffea58f5000 	C:\WINDOWS\SYSTEM32\windows.storage.dll
0x00007ffea7e10000 - 0x00007ffea8165000 	C:\WINDOWS\System32\combase.dll
0x00007ffea6e60000 - 0x00007ffea6e8e000 	C:\WINDOWS\SYSTEM32\Wldp.dll
0x00007ffea82a0000 - 0x00007ffea834d000 	C:\WINDOWS\System32\SHCORE.dll
0x00007ffea95f0000 - 0x00007ffea9645000 	C:\WINDOWS\System32\shlwapi.dll
0x00007ffea73c0000 - 0x00007ffea73df000 	C:\WINDOWS\SYSTEM32\profapi.dll
0x00007ffe961a0000 - 0x00007ffe961ad000 	C:\Program Files\Java\jdk1.8.0_281\jre\bin\management.dll
0x00007ffe94cd0000 - 0x00007ffe94cec000 	C:\Program Files\Java\jdk1.8.0_281\jre\bin\net.dll
0x00007ffea6b60000 - 0x00007ffea6bca000 	C:\WINDOWS\system32\mswsock.dll
0x00007ffe804e0000 - 0x00007ffe804f7000 	C:\WINDOWS\system32\napinsp.dll
0x00007ffe804c0000 - 0x00007ffe804db000 	C:\WINDOWS\system32\pnrpnsp.dll
0x00007ffea15e0000 - 0x00007ffea15f5000 	C:\WINDOWS\system32\wshbth.dll
0x00007ffea2600000 - 0x00007ffea261d000 	C:\WINDOWS\system32\NLAapi.dll
0x00007ffea6850000 - 0x00007ffea688b000 	C:\WINDOWS\SYSTEM32\IPHLPAPI.DLL
0x00007ffea6890000 - 0x00007ffea695b000 	C:\WINDOWS\SYSTEM32\DNSAPI.dll
0x00007ffea8e40000 - 0x00007ffea8e48000 	C:\WINDOWS\System32\NSI.dll
0x00007ffe803d0000 - 0x00007ffe803e2000 	C:\WINDOWS\System32\winrnr.dll
0x00007ffe9e1b0000 - 0x00007ffe9e1ba000 	C:\Windows\System32\rasadhlp.dll
0x00007ffe97f00000 - 0x00007ffe97f7f000 	C:\WINDOWS\System32\fwpuclnt.dll
0x00007ffea7480000 - 0x00007ffea74a7000 	C:\WINDOWS\System32\bcrypt.dll
0x00007ffe94cb0000 - 0x00007ffe94cc3000 	C:\Program Files\Java\jdk1.8.0_281\jre\bin\nio.dll
0x00007ffea6db0000 - 0x00007ffea6dc8000 	C:\WINDOWS\SYSTEM32\CRYPTSP.dll
0x00007ffea64e0000 - 0x00007ffea6514000 	C:\WINDOWS\system32\rsaenh.dll
0x00007ffea7380000 - 0x00007ffea73ae000 	C:\WINDOWS\SYSTEM32\USERENV.dll
0x00007ffea76a0000 - 0x00007ffea7722000 	C:\WINDOWS\System32\bcryptprimitives.dll
0x00007ffea6e50000 - 0x00007ffea6e5c000 	C:\WINDOWS\SYSTEM32\CRYPTBASE.dll
0x00007ffea4fd0000 - 0x00007ffea4fe7000 	C:\WINDOWS\SYSTEM32\dhcpcsvc6.DLL
0x00007ffea4fb0000 - 0x00007ffea4fcd000 	C:\WINDOWS\SYSTEM32\dhcpcsvc.DLL

VM Arguments:
jvm_args: -Dfile.encoding=UTF-8 
java_command: pi.likvidatura.LikividaturaApplication
java_class_path (initial): C:\Users\Kiki\Desktop\Poslovna Informatika Materijali\V7\likividatura\target\classes;C:\Users\Kiki\.m2\repository\org\springframework\boot\spring-boot-starter-data-jpa\2.6.0\spring-boot-starter-data-jpa-2.6.0.jar;C:\Users\Kiki\.m2\repository\org\springframework\boot\spring-boot-starter-aop\2.6.0\spring-boot-starter-aop-2.6.0.jar;C:\Users\Kiki\.m2\repository\org\springframework\spring-aop\5.3.13\spring-aop-5.3.13.jar;C:\Users\Kiki\.m2\repository\org\aspectj\aspectjweaver\1.9.7\aspectjweaver-1.9.7.jar;C:\Users\Kiki\.m2\repository\org\springframework\boot\spring-boot-starter-jdbc\2.6.0\spring-boot-starter-jdbc-2.6.0.jar;C:\Users\Kiki\.m2\repository\com\zaxxer\HikariCP\4.0.3\HikariCP-4.0.3.jar;C:\Users\Kiki\.m2\repository\org\springframework\spring-jdbc\5.3.13\spring-jdbc-5.3.13.jar;C:\Users\Kiki\.m2\repository\jakarta\transaction\jakarta.transaction-api\1.3.3\jakarta.transaction-api-1.3.3.jar;C:\Users\Kiki\.m2\repository\jakarta\persistence\jakarta.persistence-api\2.2.3\jakarta.persistence-api-2.2.3.jar;C:\Users\Kiki\.m2\repository\org\hibernate\hibernate-core\5.6.1.Final\hibernate-core-5.6.1.Final.jar;C:\Users\Kiki\.m2\repository\org\jboss\logging\jboss-logging\3.4.2.Final\jboss-logging-3.4.2.Final.jar;C:\Users\Kiki\.m2\repository\net\bytebuddy\byte-buddy\1.11.22\byte-buddy-1.11.22.jar;C:\Users\Kiki\.m2\repository\antlr\antlr\2.7.7\antlr-2.7.7.jar;C:\Users\Kiki\.m2\repository\org\jboss\jandex\2.2.3.Final\jandex-2.2.3.Final.jar;C:\Users\Kiki\.m2\repository\com\fasterxml\classmate\1.5.1\classmate-1.5.1.jar;C:\Users\Kiki\.m2\repository\org\hibernate\common\hibernate-commons-annotations\5.1.2.Final\hibernate-commons-annotations-5.1.2.Final.jar;C:\Users\Kiki\.m2\repository\org\glassfish\jaxb\jaxb-runtime\2.3.5\jaxb-runtime-2.3.5.jar;C:\Users\Kiki\.m2\repository\org\glassfish\jaxb\txw2\2.3.5\txw2-2.3.5.jar;C:\Users\Kiki\.m2\repository\com\sun\istack\istack-commons-runtime\3.0.12\istack-commons-runtime-3.0.12.jar;C:\Users\Kiki\.m2\repository\com\
Launcher Type: SUN_STANDARD

Environment Variables:
JAVA_HOME=C:\Program Files\Java\jdk-11.0.13
PATH=C:/Program Files/Java/jre1.8.0_45/bin/server;C:/Program Files/Java/jre1.8.0_45/bin;C:/Program Files/Java/jre1.8.0_45/lib/amd64;C:\Program Files\Common Files\Oracle\Java\javapath;C:\Program Files\apache-maven-3.8.1\bin;C:\ProgramData\Oracle\Java\javapath;C:\Program Files\AdoptOpenJDK\jdk-11.0.6.10-hotspot\bin;C:\WINDOWS\system32;C:\WINDOWS;C:\WINDOWS\System32\Wbem;C:\WINDOWS\System32\WindowsPowerShell\v1.0\;C:\WINDOWS\System32\OpenSSH\;C:\Program Files\Git\cmd;C:\Program Files\Microsoft SQL Server\130\Tools\Binn\;C:\Program Files\Microsoft SQL Server\Client SDK\ODBC\170\Tools\Binn\;C:\Program Files (x86)\Microsoft SQL Server\140\Tools\Binn\;C:\Program Files\Microsoft SQL Server\140\Tools\Binn\;C:\Program Files (x86)\Microsoft SQL Server\140\DTS\Binn\;C:\Program Files\Microsoft SQL Server\140\DTS\Binn\;C:\Program Files\Microsoft SQL Server\Client SDK\ODBC\130\Tools\Binn\;C:\Program Files (x86)\Microsoft SQL Server\150\DTS\Binn\;C:\Program Files\Azure Data Studio\bin;C:\Program Files (x86)\dotnet\;C:\Program Files\Java\jdk1.8.0_281;C:\Program Files (x86)\nodejs\;C:\Program Files\dotnet\;C:\Users\Kiki\AppData\Local\Microsoft\WindowsApps;G:\Microsoft VS Code\bin;C:\Users\Kiki\.dotnet\tools;C:\Program Files\Azure Data Studio\bin;C:\Users\Kiki\AppData\Roaming\npm;C:\Users\Kiki\AppData\Local\gitkraken\bin;C:\WINDOWS\System32;
USERNAME=Kiki
OS=Windows_NT
PROCESSOR_IDENTIFIER=Intel64 Family 6 Model 142 Stepping 9, GenuineIntel



---------------  S Y S T E M  ---------------

OS: Windows 10.0 , 64 bit Build 19041 (10.0.19041.1466)

CPU:total 4 (initial active 4) (2 cores per cpu, 2 threads per core) family 6 model 142 stepping 9, cmov, cx8, fxsr, mmx, sse, sse2, sse3, ssse3, sse4.1, sse4.2, popcnt, avx, avx2, aes, clmul, erms, 3dnowpref, lzcnt, ht, tsc, tscinvbit, bmi1, bmi2, adx

Memory: 4k page, physical 8303528k(1545792k free), swap 22811300k(528k free)

vm_info: Java HotSpot(TM) 64-Bit Server VM (25.281-b09) for windows-amd64 JRE (1.8.0_281-b09), built on Dec  9 2020 13:54:07 by "" with MS VC++ 15.9 (VS2017)

time: Fri Jan 21 12:06:22 2022
timezone: Central Europe Standard Time
elapsed time: 156.037811 seconds (0d 0h 2m 36s)

